[2022-09-05T12:12:26.602] [INFO] flexibility - 1662415715,290,1,1,1,0,true,
[2022-09-05T12:35:45.176] [INFO] flexibility - 1662378752,269,1,1,1,0,true,
[2022-09-05T12:52:51.056] [INFO] flexibility - 1662391004,269,1,1,1,0,true,
[2022-09-05T13:03:50.260] [INFO] flexibility - 1662381020,175,1,1,1,0,true,
[2022-09-05T13:13:07.396] [INFO] flexibility - 1662378631,250,1,1,1,0,true,
[2022-09-05T13:19:28.929] [INFO] flexibility - 1662383191,250,1,1,1,0,true,
[2022-09-05T13:23:01.433] [INFO] flexibility - 1662381904,100,1,1,1,0,true,
[2022-09-05T13:24:03.748] [INFO] flexibility - 1662385624,100,1,1,1,0,true,
[2022-09-05T13:26:48.452] [INFO] flexibility - 1662380892,50,1,1,1,0,true,
[2022-09-05T13:27:59.808] [INFO] flexibility - 1662385152,50,0,0,1,-0.010416666666666666,false,
[2022-09-05T13:29:09.098] [INFO] flexibility - 1662389292,50,1,1,1,0,true,
[2022-09-06T09:44:48.024] [INFO] flexibility - 1662457212,100,0,0,1,-0.1508856281766404,false,
[2022-09-06T09:46:42.462] [INFO] flexibility - 1662460632,100,0,0,1,-0.16666666666666666,false,
[2022-09-06T10:19:49.029] [INFO] flexibility - 1662453609,100,1,1,1,0,true,
[2022-09-06T10:46:57.324] [INFO] flexibility - 1662461264,44,0.4772727272727273,0.4772727272727273,1,-0.09140488656195463,false,
[2022-09-06T10:58:55.138] [INFO] flexibility - 1662457049,100,1,1,1,0,true,
[2022-09-06T11:01:57.749] [INFO] flexibility - 1662462509,100,1,1,1,0,true,
[2022-09-06T11:06:21.613] [INFO] flexibility - 1662470399,100,1,1,1,0,true,
[2022-09-06T11:18:21.498] [INFO] flexibility - 1662457474,150,1,1,1,0,true,
[2022-09-06T11:23:56.367] [INFO] flexibility - 1662461482,150,1,1,1,0,true,
[2022-09-06T13:50:03.918] [INFO] flexibility - 1662466133,200,1,1,1,0,true,
[2022-09-06T15:38:50.778] [INFO] flexibility - 1662469461,250,1,1,1,0,true,
[2022-09-06T17:33:22.739] [INFO] flexibility - 1662478230,250,1,1,1,0,true,
[2022-09-06T17:45:45.996] [INFO] flexibility - 1662481270,50,0.12,0.12,1,-0.019815317538664036,false,
[2022-09-06T17:51:11.524] [INFO] flexibility - 1662480891,50,1,1,1,0,true,
[2022-09-06T18:00:00.797] [INFO] flexibility - 1662480798,250,1,1,1,0,true,
[2022-09-15T12:52:59.147] [INFO] flexibility - 1663245359,11,1,1,1,0,true,
[2022-09-15T13:05:45.162] [INFO] flexibility - 1663245904,200,1,1,1,0,true,
[2022-09-17T11:45:50.964] [INFO] flexibility - 1663412304,100,1,1,1,0,true,
[2022-09-19T17:15:22.105] [INFO] flexibility - 1663606670,250,1,1,1,0,true,
[2022-09-19T17:59:15.340] [INFO] flexibility - 1663606709,10,1,1,1,0,true,
[2022-09-21T14:57:16.642] [INFO] flexibility - 1663767669,284,1,1,1,0,true,
[2022-09-22T11:38:13.745] [INFO] flexibility - 1663844301,43,0,0,1,-0.1119738544888244,false,
[2022-09-22T15:04:41.820] [INFO] flexibility - 1663873301,43,0,0,1,-0.16666666666666666,false,
[2022-09-27T17:29:01.027] [INFO] flexibility - 1664298877,92,1,1,1,0,true,
[2022-09-27T18:05:44.118] [INFO] flexibility - 1664298160,199,1,1,1,0,true,
[2022-09-27T19:14:05.995] [INFO] flexibility - 1664301526,290,1,1,1,0,true,
[2022-09-28T08:52:19.595] [INFO] flexibility - 1664350436,290,1,1,1,0,true,
